[Wed Dec 02 2020 13:20:27 GMT+0100 (West Africa Standard Time)] : {
  count: 10,
  _shards: { total: 1, successful: 1, skipped: 0, failed: 0 }
}
[Wed Dec 02 2020 13:22:18 GMT+0100 (West Africa Standard Time)] : {
  count: 10,
  _shards: { total: 1, successful: 1, skipped: 0, failed: 0 }
}
[Wed Dec 02 2020 14:00:41 GMT+0100 (West Africa Standard Time)] : {
  count: 10,
  _shards: { total: 1, successful: 1, skipped: 0, failed: 0 }
}
[Wed Dec 02 2020 14:01:52 GMT+0100 (West Africa Standard Time)] : {
  count: 10,
  _shards: { total: 1, successful: 1, skipped: 0, failed: 0 }
}
[Wed Dec 02 2020 14:03:19 GMT+0100 (West Africa Standard Time)] : {
  count: 10,
  _shards: { total: 1, successful: 1, skipped: 0, failed: 0 }
}
[Wed Dec 02 2020 14:04:01 GMT+0100 (West Africa Standard Time)] : {
  count: 10,
  _shards: { total: 1, successful: 1, skipped: 0, failed: 0 }
}
[Wed Dec 02 2020 14:12:46 GMT+0100 (West Africa Standard Time)] : {
  count: 10,
  _shards: { total: 1, successful: 1, skipped: 0, failed: 0 }
}
[Wed Dec 02 2020 14:13:52 GMT+0100 (West Africa Standard Time)] : {
  count: 10,
  _shards: { total: 1, successful: 1, skipped: 0, failed: 0 }
}
[Wed Dec 02 2020 14:14:42 GMT+0100 (West Africa Standard Time)] : {
  count: 10,
  _shards: { total: 1, successful: 1, skipped: 0, failed: 0 }
}
[Wed Dec 02 2020 14:15:31 GMT+0100 (West Africa Standard Time)] : {
  count: 10,
  _shards: { total: 1, successful: 1, skipped: 0, failed: 0 }
}
[Wed Dec 02 2020 14:17:43 GMT+0100 (West Africa Standard Time)] : {
  count: 10,
  _shards: { total: 1, successful: 1, skipped: 0, failed: 0 }
}
[Thu Dec 03 2020 08:21:28 GMT+0100 (West Africa Standard Time)] : {
  count: 11,
  _shards: { total: 1, successful: 1, skipped: 0, failed: 0 }
}
[Thu Dec 03 2020 08:23:36 GMT+0100 (West Africa Standard Time)] : {
  count: 12,
  _shards: { total: 1, successful: 1, skipped: 0, failed: 0 }
}
[Thu Dec 03 2020 08:51:47 GMT+0100 (West Africa Standard Time)] : {
  count: 0,
  _shards: { total: 1, successful: 1, skipped: 0, failed: 0 }
}
[Thu Dec 03 2020 08:54:17 GMT+0100 (West Africa Standard Time)] : {
  count: 0,
  _shards: { total: 1, successful: 1, skipped: 0, failed: 0 }
}
[Thu Dec 03 2020 09:01:16 GMT+0100 (West Africa Standard Time)] : {
  count: 0,
  _shards: { total: 1, successful: 1, skipped: 0, failed: 0 }
}
[Thu Dec 03 2020 09:12:40 GMT+0100 (West Africa Standard Time)] : {
  count: 0,
  _shards: { total: 1, successful: 1, skipped: 0, failed: 0 }
}
[Thu Dec 03 2020 09:16:44 GMT+0100 (West Africa Standard Time)] : {
  count: 0,
  _shards: { total: 1, successful: 1, skipped: 0, failed: 0 }
}
[Thu Dec 03 2020 09:16:57 GMT+0100 (West Africa Standard Time)] : {
  count: 0,
  _shards: { total: 1, successful: 1, skipped: 0, failed: 0 }
}
[Thu Dec 03 2020 09:29:08 GMT+0100 (West Africa Standard Time)] : {
  count: 0,
  _shards: { total: 1, successful: 1, skipped: 0, failed: 0 }
}
[Thu Dec 03 2020 09:29:18 GMT+0100 (West Africa Standard Time)] : {
  count: 0,
  _shards: { total: 1, successful: 1, skipped: 0, failed: 0 }
}
[Thu Dec 03 2020 09:40:14 GMT+0100 (West Africa Standard Time)] : {
  count: 1,
  _shards: { total: 1, successful: 1, skipped: 0, failed: 0 }
}
[Thu Dec 03 2020 09:40:27 GMT+0100 (West Africa Standard Time)] : {
  count: 1,
  _shards: { total: 1, successful: 1, skipped: 0, failed: 0 }
}
[Thu Dec 03 2020 09:59:12 GMT+0100 (West Africa Standard Time)] : {
  count: 9,
  _shards: { total: 1, successful: 1, skipped: 0, failed: 0 }
}
[Thu Dec 03 2020 17:42:49 GMT+0100 (West Africa Standard Time)] : {
  count: 1,
  _shards: { total: 1, successful: 1, skipped: 0, failed: 0 }
}
[Thu Dec 03 2020 18:05:35 GMT+0100 (West Africa Standard Time)] : {
  count: 1,
  _shards: { total: 1, successful: 1, skipped: 0, failed: 0 }
}
[Thu Dec 03 2020 18:06:25 GMT+0100 (West Africa Standard Time)] : {
  count: 1,
  _shards: { total: 1, successful: 1, skipped: 0, failed: 0 }
}
[Thu Dec 03 2020 18:06:47 GMT+0100 (West Africa Standard Time)] : {
  count: 1,
  _shards: { total: 1, successful: 1, skipped: 0, failed: 0 }
}
[Thu Dec 03 2020 19:28:15 GMT+0100 (West Africa Standard Time)] : {
  count: 1,
  _shards: { total: 1, successful: 1, skipped: 0, failed: 0 }
}
[Thu Dec 03 2020 19:31:08 GMT+0100 (West Africa Standard Time)] : {
  count: 1,
  _shards: { total: 1, successful: 1, skipped: 0, failed: 0 }
}
[Thu Dec 03 2020 19:31:46 GMT+0100 (West Africa Standard Time)] : {
  count: 1,
  _shards: { total: 1, successful: 1, skipped: 0, failed: 0 }
}
[Thu Dec 03 2020 19:33:30 GMT+0100 (West Africa Standard Time)] : {
  count: 1,
  _shards: { total: 1, successful: 1, skipped: 0, failed: 0 }
}
[Thu Dec 03 2020 19:39:56 GMT+0100 (West Africa Standard Time)] : {
  count: 1,
  _shards: { total: 1, successful: 1, skipped: 0, failed: 0 }
}
[Thu Dec 03 2020 19:46:17 GMT+0100 (West Africa Standard Time)] : {
  count: 1,
  _shards: { total: 1, successful: 1, skipped: 0, failed: 0 }
}
[Thu Dec 03 2020 19:50:22 GMT+0100 (West Africa Standard Time)] : {
  count: 1,
  _shards: { total: 1, successful: 1, skipped: 0, failed: 0 }
}
[Thu Dec 03 2020 20:13:03 GMT+0100 (West Africa Standard Time)] : {
  count: 1,
  _shards: { total: 1, successful: 1, skipped: 0, failed: 0 }
}
[Thu Dec 03 2020 20:14:43 GMT+0100 (West Africa Standard Time)] : {
  count: 8,
  _shards: { total: 1, successful: 1, skipped: 0, failed: 0 }
}
[Thu Dec 03 2020 20:15:41 GMT+0100 (West Africa Standard Time)] : {
  count: 16,
  _shards: { total: 1, successful: 1, skipped: 0, failed: 0 }
}
[Thu Dec 03 2020 20:18:50 GMT+0100 (West Africa Standard Time)] : {
  count: 8,
  _shards: { total: 1, successful: 1, skipped: 0, failed: 0 }
}
[Thu Dec 03 2020 20:21:21 GMT+0100 (West Africa Standard Time)] : {
  count: 16,
  _shards: { total: 1, successful: 1, skipped: 0, failed: 0 }
}
[Thu Dec 03 2020 20:21:43 GMT+0100 (West Africa Standard Time)] : {
  count: 8,
  _shards: { total: 1, successful: 1, skipped: 0, failed: 0 }
}
[Thu Dec 03 2020 20:23:00 GMT+0100 (West Africa Standard Time)] : {
  count: 16,
  _shards: { total: 1, successful: 1, skipped: 0, failed: 0 }
}
[Thu Dec 03 2020 20:24:32 GMT+0100 (West Africa Standard Time)] : {
  count: 8,
  _shards: { total: 1, successful: 1, skipped: 0, failed: 0 }
}
[Thu Dec 03 2020 20:25:15 GMT+0100 (West Africa Standard Time)] : {
  count: 16,
  _shards: { total: 1, successful: 1, skipped: 0, failed: 0 }
}
[Thu Dec 03 2020 20:25:44 GMT+0100 (West Africa Standard Time)] : {
  count: 8,
  _shards: { total: 1, successful: 1, skipped: 0, failed: 0 }
}
[Thu Dec 03 2020 20:28:50 GMT+0100 (West Africa Standard Time)] : {
  count: 8,
  _shards: { total: 1, successful: 1, skipped: 0, failed: 0 }
}
[Thu Dec 03 2020 20:30:47 GMT+0100 (West Africa Standard Time)] : {
  count: 1,
  _shards: { total: 1, successful: 1, skipped: 0, failed: 0 }
}
[Thu Dec 03 2020 20:31:14 GMT+0100 (West Africa Standard Time)] : {
  count: 9,
  _shards: { total: 1, successful: 1, skipped: 0, failed: 0 }
}
[Thu Dec 03 2020 20:31:27 GMT+0100 (West Africa Standard Time)] : {
  count: 8,
  _shards: { total: 1, successful: 1, skipped: 0, failed: 0 }
}
[Thu Dec 03 2020 20:32:29 GMT+0100 (West Africa Standard Time)] : {
  count: 0,
  _shards: { total: 1, successful: 1, skipped: 0, failed: 0 }
}
[Thu Dec 03 2020 20:32:49 GMT+0100 (West Africa Standard Time)] : {
  count: 0,
  _shards: { total: 1, successful: 1, skipped: 0, failed: 0 }
}
[Thu Dec 03 2020 20:33:05 GMT+0100 (West Africa Standard Time)] : {
  count: 0,
  _shards: { total: 1, successful: 1, skipped: 0, failed: 0 }
}
[Thu Dec 03 2020 20:33:18 GMT+0100 (West Africa Standard Time)] : {
  count: 8,
  _shards: { total: 1, successful: 1, skipped: 0, failed: 0 }
}
[Thu Dec 03 2020 20:33:32 GMT+0100 (West Africa Standard Time)] : {
  count: 8,
  _shards: { total: 1, successful: 1, skipped: 0, failed: 0 }
}
[Thu Dec 03 2020 20:34:04 GMT+0100 (West Africa Standard Time)] : {
  count: 8,
  _shards: { total: 1, successful: 1, skipped: 0, failed: 0 }
}
[Thu Dec 03 2020 20:35:37 GMT+0100 (West Africa Standard Time)] : {
  count: 8,
  _shards: { total: 1, successful: 1, skipped: 0, failed: 0 }
}
[Thu Dec 03 2020 20:35:41 GMT+0100 (West Africa Standard Time)] : {
  count: 16,
  _shards: { total: 1, successful: 1, skipped: 0, failed: 0 }
}
[Thu Dec 03 2020 20:35:45 GMT+0100 (West Africa Standard Time)] : {
  count: 24,
  _shards: { total: 1, successful: 1, skipped: 0, failed: 0 }
}
[Thu Dec 03 2020 20:38:40 GMT+0100 (West Africa Standard Time)] : {
  count: 1,
  _shards: { total: 1, successful: 1, skipped: 0, failed: 0 }
}
[Thu Dec 03 2020 20:40:20 GMT+0100 (West Africa Standard Time)] : {
  count: 1,
  _shards: { total: 1, successful: 1, skipped: 0, failed: 0 }
}
[Thu Dec 03 2020 20:41:56 GMT+0100 (West Africa Standard Time)] : {
  count: 9,
  _shards: { total: 1, successful: 1, skipped: 0, failed: 0 }
}
[Thu Dec 03 2020 20:42:08 GMT+0100 (West Africa Standard Time)] : {
  count: 8,
  _shards: { total: 1, successful: 1, skipped: 0, failed: 0 }
}
[Thu Dec 03 2020 20:42:15 GMT+0100 (West Africa Standard Time)] : {
  count: 8,
  _shards: { total: 1, successful: 1, skipped: 0, failed: 0 }
}
[Thu Dec 03 2020 20:42:22 GMT+0100 (West Africa Standard Time)] : {
  count: 8,
  _shards: { total: 1, successful: 1, skipped: 0, failed: 0 }
}
[Thu Dec 03 2020 20:44:41 GMT+0100 (West Africa Standard Time)] : {
  count: 1008,
  _shards: { total: 1, successful: 1, skipped: 0, failed: 0 }
}
[Thu Dec 03 2020 20:45:06 GMT+0100 (West Africa Standard Time)] : {
  count: 1000,
  _shards: { total: 1, successful: 1, skipped: 0, failed: 0 }
}
[Mon Dec 07 2020 15:40:09 GMT+0100 (West Africa Standard Time)] : {
  count: 1000,
  _shards: { total: 1, successful: 1, skipped: 0, failed: 0 }
}
[Tue Feb 16 2021 14:11:39 GMT+0100 (West Africa Standard Time)] : {
  count: 1000,
  _shards: { total: 1, successful: 1, skipped: 0, failed: 0 }
}
